---
dash -> bash done

games removed

sources changed

git has been installed
vim has been installed
pip3 has been installed
ffmpeg has been installed
atom has been installed
chrome has been installed
typora has been installed
baidu netdisk has been installed
pycharm has been installed

failed to install tensorflow
numpy installed
matplotlib installed
pandas installed
scipy installed
scikit-learn installed
jupyter installed
opencv-python installed
baidu-aip installed
bs4 installed
selenium installed
lxml installed
itchat installed
pdf2image installed
tkinter installed

git account configured
default editor of git -> vim done
---
dash -> bash done

games removed

sources changed

git has been installed
vim has been installed
pip3 has been installed
ffmpeg has been installed
atom has been installed
chrome has been installed
typora has been installed
baidu netdisk has been installed
pycharm has been installed
failed to install onedrive

failed to install tensorflow
numpy has been installed
matplotlib has been installed
pandas has been installed
scipy has been installed
scikit-learn has been installed
jupyter has been installed
opencv-python has been installed
baidu-aip has been installed
bs4 has been installed
selenium has been installed
lxml has been installed
itchat installed
pdf2image has been installed
tkinter has been installed

